Watching for file changes with StatReloader
"GET /accounts/login/ HTTP/1.1" 200 5435
"GET /login/ HTTP/1.1" 200 5574
"POST /accounts/logout/ HTTP/1.1" 302 0
"GET /dashboard/ HTTP/1.1" 302 0
"GET /accounts/login/?next=/dashboard/ HTTP/1.1" 200 4719
Watching for file changes with StatReloader
"GET /accounts/login/ HTTP/1.1" 200 5743
Method Not Allowed (POST): /accounts/login/
"POST /accounts/login/ HTTP/1.1" 405 0
"GET /accounts/login/ HTTP/1.1" 200 5743
"GET /login/doctor/ HTTP/1.1" 200 3309
"GET /login/ HTTP/1.1" 200 4858
Watching for file changes with StatReloader
"GET /accounts/login/ HTTP/1.1" 200 5955
Method Not Allowed (POST): /accounts/login/
"POST /accounts/login/ HTTP/1.1" 405 0
"GET /accounts/login/ HTTP/1.1" 200 5955
"GET /login/ HTTP/1.1" 200 7863
"GET /login/doctor/ HTTP/1.1" 200 3521
"POST /login/doctor/ HTTP/1.1" 302 0
Internal Server Error: /dashboard/doctor/
Traceback (most recent call last):
  File "D:\MY PROJECTS\TFICMS\venv\Lib\site-packages\django\core\handlers\exception.py", line 55, in inner
    response = get_response(request)
               ^^^^^^^^^^^^^^^^^^^^^
  File "D:\MY PROJECTS\TFICMS\venv\Lib\site-packages\django\core\handlers\base.py", line 197, in _get_response
    response = wrapped_callback(request, *callback_args, **callback_kwargs)
               ^^^^^^^^^^^^^^^^^^^^^^^^^^^^^^^^^^^^^^^^^^^^^^^^^^^^^^^^^^^^
  File "D:\MY PROJECTS\TFICMS\venv\Lib\site-packages\django\contrib\auth\decorators.py", line 59, in _view_wrapper
    return view_func(request, *args, **kwargs)
           ^^^^^^^^^^^^^^^^^^^^^^^^^^^^^^^^^^^
  File "D:\MY PROJECTS\TFICMS\accounts\views.py", line 110, in doctor_dashboard
    return render(request, 'accounts/doctor_dashboard.html')
           ^^^^^^^^^^^^^^^^^^^^^^^^^^^^^^^^^^^^^^^^^^^^^^^^^
  File "D:\MY PROJECTS\TFICMS\venv\Lib\site-packages\django\shortcuts.py", line 25, in render
    content = loader.render_to_string(template_name, context, request, using=using)
              ^^^^^^^^^^^^^^^^^^^^^^^^^^^^^^^^^^^^^^^^^^^^^^^^^^^^^^^^^^^^^^^^^^^^^
  File "D:\MY PROJECTS\TFICMS\venv\Lib\site-packages\django\template\loader.py", line 61, in render_to_string
    template = get_template(template_name, using=using)
               ^^^^^^^^^^^^^^^^^^^^^^^^^^^^^^^^^^^^^^^^
  File "D:\MY PROJECTS\TFICMS\venv\Lib\site-packages\django\template\loader.py", line 19, in get_template
    raise TemplateDoesNotExist(template_name, chain=chain)
django.template.exceptions.TemplateDoesNotExist: accounts/doctor_dashboard.html
"GET /dashboard/doctor/ HTTP/1.1" 500 93282
"GET /login/admin/ HTTP/1.1" 200 4190
Internal Server Error: /login/admin/
Traceback (most recent call last):
  File "D:\MY PROJECTS\TFICMS\venv\Lib\site-packages\django\core\handlers\exception.py", line 55, in inner
    response = get_response(request)
               ^^^^^^^^^^^^^^^^^^^^^
  File "D:\MY PROJECTS\TFICMS\venv\Lib\site-packages\django\core\handlers\base.py", line 197, in _get_response
    response = wrapped_callback(request, *callback_args, **callback_kwargs)
               ^^^^^^^^^^^^^^^^^^^^^^^^^^^^^^^^^^^^^^^^^^^^^^^^^^^^^^^^^^^^
  File "D:\MY PROJECTS\TFICMS\venv\Lib\site-packages\django\views\decorators\http.py", line 64, in inner
    return func(request, *args, **kwargs)
           ^^^^^^^^^^^^^^^^^^^^^^^^^^^^^^
  File "D:\MY PROJECTS\TFICMS\accounts\views.py", line 18, in admin_login
    return redirect('home')
           ^^^^^^^^^^^^^^^^
  File "D:\MY PROJECTS\TFICMS\venv\Lib\site-packages\django\shortcuts.py", line 51, in redirect
    resolve_url(to, *args, **kwargs),
    ^^^^^^^^^^^^^^^^^^^^^^^^^^^^^^^^
  File "D:\MY PROJECTS\TFICMS\venv\Lib\site-packages\django\shortcuts.py", line 184, in resolve_url
    return reverse(to, args=args, kwargs=kwargs)
           ^^^^^^^^^^^^^^^^^^^^^^^^^^^^^^^^^^^^^
  File "D:\MY PROJECTS\TFICMS\venv\Lib\site-packages\django\urls\base.py", line 98, in reverse
    resolved_url = resolver._reverse_with_prefix(view, prefix, *args, **kwargs)
                   ^^^^^^^^^^^^^^^^^^^^^^^^^^^^^^^^^^^^^^^^^^^^^^^^^^^^^^^^^^^^
  File "D:\MY PROJECTS\TFICMS\venv\Lib\site-packages\django\urls\resolvers.py", line 831, in _reverse_with_prefix
    raise NoReverseMatch(msg)
django.urls.exceptions.NoReverseMatch: Reverse for 'home' not found. 'home' is not a valid view function or pattern name.
"POST /login/admin/ HTTP/1.1" 500 95787
"GET /login/admin/ HTTP/1.1" 200 4190
"GET /login/nurse/ HTTP/1.1" 200 4252
"POST /login/nurse/ HTTP/1.1" 302 0
Internal Server Error: /dashboard/nurse/
Traceback (most recent call last):
  File "D:\MY PROJECTS\TFICMS\venv\Lib\site-packages\django\core\handlers\exception.py", line 55, in inner
    response = get_response(request)
               ^^^^^^^^^^^^^^^^^^^^^
  File "D:\MY PROJECTS\TFICMS\venv\Lib\site-packages\django\core\handlers\base.py", line 197, in _get_response
    response = wrapped_callback(request, *callback_args, **callback_kwargs)
               ^^^^^^^^^^^^^^^^^^^^^^^^^^^^^^^^^^^^^^^^^^^^^^^^^^^^^^^^^^^^
  File "D:\MY PROJECTS\TFICMS\venv\Lib\site-packages\django\contrib\auth\decorators.py", line 59, in _view_wrapper
    return view_func(request, *args, **kwargs)
           ^^^^^^^^^^^^^^^^^^^^^^^^^^^^^^^^^^^
  File "D:\MY PROJECTS\TFICMS\accounts\views.py", line 116, in nurse_dashboard
    return render(request, 'accounts/nurse_dashboard.html')
           ^^^^^^^^^^^^^^^^^^^^^^^^^^^^^^^^^^^^^^^^^^^^^^^^
  File "D:\MY PROJECTS\TFICMS\venv\Lib\site-packages\django\shortcuts.py", line 25, in render
    content = loader.render_to_string(template_name, context, request, using=using)
              ^^^^^^^^^^^^^^^^^^^^^^^^^^^^^^^^^^^^^^^^^^^^^^^^^^^^^^^^^^^^^^^^^^^^^
  File "D:\MY PROJECTS\TFICMS\venv\Lib\site-packages\django\template\loader.py", line 61, in render_to_string
    template = get_template(template_name, using=using)
               ^^^^^^^^^^^^^^^^^^^^^^^^^^^^^^^^^^^^^^^^
  File "D:\MY PROJECTS\TFICMS\venv\Lib\site-packages\django\template\loader.py", line 19, in get_template
    raise TemplateDoesNotExist(template_name, chain=chain)
django.template.exceptions.TemplateDoesNotExist: accounts/nurse_dashboard.html
"GET /dashboard/nurse/ HTTP/1.1" 500 93302
Watching for file changes with StatReloader
"GET /login/ HTTP/1.1" 200 8590
"GET /login/ HTTP/1.1" 200 8590
"GET /login/ HTTP/1.1" 200 8590
"GET /login/ HTTP/1.1" 200 8590
"GET / HTTP/1.1" 302 0
"GET /dashboard/ HTTP/1.1" 200 11072
"GET /admin/ HTTP/1.1" 200 76171
"GET / HTTP/1.1" 302 0
"GET /dashboard/ HTTP/1.1" 200 11072
"POST /accounts/logout/ HTTP/1.1" 302 0
"GET /login/ HTTP/1.1" 200 7863
"GET /login/ HTTP/1.1" 200 7863
"GET /login/ HTTP/1.1" 200 7863
"GET /login/ HTTP/1.1" 200 7863
"GET /login/ HTTP/1.1" 200 7863
"GET /login/ HTTP/1.1" 200 7863
"GET / HTTP/1.1" 302 0
"GET /login/ HTTP/1.1" 200 7863
Watching for file changes with StatReloader
Watching for file changes with StatReloader
"GET /login/ HTTP/1.1" 200 12545
"GET /login/ HTTP/1.1" 200 12545
"GET /login/ HTTP/1.1" 200 12545
"GET /login/ HTTP/1.1" 200 12545
"GET /login/ HTTP/1.1" 200 12545
"GET /login/ HTTP/1.1" 200 12545
Internal Server Error: /login/reception/
Traceback (most recent call last):
  File "D:\MY PROJECTS\TFICMS\venv\Lib\site-packages\django\core\handlers\exception.py", line 55, in inner
    response = get_response(request)
               ^^^^^^^^^^^^^^^^^^^^^
  File "D:\MY PROJECTS\TFICMS\venv\Lib\site-packages\django\core\handlers\base.py", line 197, in _get_response
    response = wrapped_callback(request, *callback_args, **callback_kwargs)
               ^^^^^^^^^^^^^^^^^^^^^^^^^^^^^^^^^^^^^^^^^^^^^^^^^^^^^^^^^^^^
  File "D:\MY PROJECTS\TFICMS\venv\Lib\site-packages\django\views\decorators\http.py", line 64, in inner
    return func(request, *args, **kwargs)
           ^^^^^^^^^^^^^^^^^^^^^^^^^^^^^^
  File "D:\MY PROJECTS\TFICMS\accounts\views.py", line 21, in reception_login
    return render(request, 'accounts/login.html', {'department': 'Reception'})
           ^^^^^^^^^^^^^^^^^^^^^^^^^^^^^^^^^^^^^^^^^^^^^^^^^^^^^^^^^^^^^^^^^^^
  File "D:\MY PROJECTS\TFICMS\venv\Lib\site-packages\django\shortcuts.py", line 25, in render
    content = loader.render_to_string(template_name, context, request, using=using)
              ^^^^^^^^^^^^^^^^^^^^^^^^^^^^^^^^^^^^^^^^^^^^^^^^^^^^^^^^^^^^^^^^^^^^^
  File "D:\MY PROJECTS\TFICMS\venv\Lib\site-packages\django\template\loader.py", line 61, in render_to_string
    template = get_template(template_name, using=using)
               ^^^^^^^^^^^^^^^^^^^^^^^^^^^^^^^^^^^^^^^^
  File "D:\MY PROJECTS\TFICMS\venv\Lib\site-packages\django\template\loader.py", line 19, in get_template
    raise TemplateDoesNotExist(template_name, chain=chain)
django.template.exceptions.TemplateDoesNotExist: accounts/login.html
"GET /login/reception/ HTTP/1.1" 500 92289
Internal Server Error: /login/opd/
Traceback (most recent call last):
  File "D:\MY PROJECTS\TFICMS\venv\Lib\site-packages\django\core\handlers\exception.py", line 55, in inner
    response = get_response(request)
               ^^^^^^^^^^^^^^^^^^^^^
  File "D:\MY PROJECTS\TFICMS\venv\Lib\site-packages\django\core\handlers\base.py", line 197, in _get_response
    response = wrapped_callback(request, *callback_args, **callback_kwargs)
               ^^^^^^^^^^^^^^^^^^^^^^^^^^^^^^^^^^^^^^^^^^^^^^^^^^^^^^^^^^^^
  File "D:\MY PROJECTS\TFICMS\venv\Lib\site-packages\django\views\decorators\http.py", line 64, in inner
    return func(request, *args, **kwargs)
           ^^^^^^^^^^^^^^^^^^^^^^^^^^^^^^
  File "D:\MY PROJECTS\TFICMS\accounts\views.py", line 37, in opd_login
    return render(request, 'accounts/login.html', {'department': 'OPD'})
           ^^^^^^^^^^^^^^^^^^^^^^^^^^^^^^^^^^^^^^^^^^^^^^^^^^^^^^^^^^^^^
  File "D:\MY PROJECTS\TFICMS\venv\Lib\site-packages\django\shortcuts.py", line 25, in render
    content = loader.render_to_string(template_name, context, request, using=using)
              ^^^^^^^^^^^^^^^^^^^^^^^^^^^^^^^^^^^^^^^^^^^^^^^^^^^^^^^^^^^^^^^^^^^^^
  File "D:\MY PROJECTS\TFICMS\venv\Lib\site-packages\django\template\loader.py", line 61, in render_to_string
    template = get_template(template_name, using=using)
               ^^^^^^^^^^^^^^^^^^^^^^^^^^^^^^^^^^^^^^^^
  File "D:\MY PROJECTS\TFICMS\venv\Lib\site-packages\django\template\loader.py", line 19, in get_template
    raise TemplateDoesNotExist(template_name, chain=chain)
django.template.exceptions.TemplateDoesNotExist: accounts/login.html
"GET /login/opd/ HTTP/1.1" 500 92152
Internal Server Error: /login/pharmacy/
Traceback (most recent call last):
  File "D:\MY PROJECTS\TFICMS\venv\Lib\site-packages\django\core\handlers\exception.py", line 55, in inner
    response = get_response(request)
               ^^^^^^^^^^^^^^^^^^^^^
  File "D:\MY PROJECTS\TFICMS\venv\Lib\site-packages\django\core\handlers\base.py", line 197, in _get_response
    response = wrapped_callback(request, *callback_args, **callback_kwargs)
               ^^^^^^^^^^^^^^^^^^^^^^^^^^^^^^^^^^^^^^^^^^^^^^^^^^^^^^^^^^^^
  File "D:\MY PROJECTS\TFICMS\venv\Lib\site-packages\django\views\decorators\http.py", line 64, in inner
    return func(request, *args, **kwargs)
           ^^^^^^^^^^^^^^^^^^^^^^^^^^^^^^
  File "D:\MY PROJECTS\TFICMS\accounts\views.py", line 149, in pharmacy_login
    return render(request, 'accounts/login.html', {'department': 'Pharmacy'})
           ^^^^^^^^^^^^^^^^^^^^^^^^^^^^^^^^^^^^^^^^^^^^^^^^^^^^^^^^^^^^^^^^^^
  File "D:\MY PROJECTS\TFICMS\venv\Lib\site-packages\django\shortcuts.py", line 25, in render
    content = loader.render_to_string(template_name, context, request, using=using)
              ^^^^^^^^^^^^^^^^^^^^^^^^^^^^^^^^^^^^^^^^^^^^^^^^^^^^^^^^^^^^^^^^^^^^^
  File "D:\MY PROJECTS\TFICMS\venv\Lib\site-packages\django\template\loader.py", line 61, in render_to_string
    template = get_template(template_name, using=using)
               ^^^^^^^^^^^^^^^^^^^^^^^^^^^^^^^^^^^^^^^^
  File "D:\MY PROJECTS\TFICMS\venv\Lib\site-packages\django\template\loader.py", line 19, in get_template
    raise TemplateDoesNotExist(template_name, chain=chain)
django.template.exceptions.TemplateDoesNotExist: accounts/login.html
"GET /login/pharmacy/ HTTP/1.1" 500 92278
Watching for file changes with StatReloader
"GET /login/ HTTP/1.1" 200 12545
"GET /login/reception/ HTTP/1.1" 200 5366
"GET /login/ HTTP/1.1" 200 12545
"GET /login/opd/ HTTP/1.1" 200 5360
"GET /login/embryology/ HTTP/1.1" 200 5378
"GET /login/andrology/ HTTP/1.1" 200 5377
"POST /login/andrology/ HTTP/1.1" 302 0
"GET /dashboard/ HTTP/1.1" 200 11067
"GET /admin/ HTTP/1.1" 200 76171
"GET /admin/password_change/ HTTP/1.1" 200 41406
"GET /static/admin/css/forms.css HTTP/1.1" 304 0
"GET /static/admin/css/widgets.css HTTP/1.1" 304 0
"GET /admin/ HTTP/1.1" 200 76171
"POST /admin/logout/ HTTP/1.1" 302 0
"GET /dashboard/ HTTP/1.1" 302 0
"GET /accounts/login/?next=/dashboard/ HTTP/1.1" 200 5955
Method Not Allowed (POST): /accounts/login/
"POST /accounts/login/?next=/dashboard/ HTTP/1.1" 405 0
Not Found: /login/doctor/
"GET /login/doctor/ HTTP/1.1" 404 11104
"GET /login/admin/ HTTP/1.1" 200 5371
"GET /admin/ HTTP/1.1" 302 0
"GET /admin/login/?next=/admin/ HTTP/1.1" 200 14704
"GET /admin/login/?next=/admin/ HTTP/1.1" 200 14704
"GET /admin/login/?next=/admin/ HTTP/1.1" 200 14704
"GET /admin/login/?next=/admin/ HTTP/1.1" 200 14704
"POST /admin/login/?next=/admin/ HTTP/1.1" 302 0
"GET /admin/ HTTP/1.1" 200 76171
"GET /admin/login/?next=/admin/ HTTP/1.1" 302 0
"GET /admin/ HTTP/1.1" 200 76171
"POST /admin/logout/ HTTP/1.1" 302 0
"GET /dashboard/ HTTP/1.1" 302 0
"GET /accounts/login/?next=/dashboard/ HTTP/1.1" 200 5955
"GET /login/ HTTP/1.1" 200 12545
"GET /login/lab/ HTTP/1.1" 200 5375
"POST /login/lab/ HTTP/1.1" 200 5716
"GET /login/lab/ HTTP/1.1" 200 5375
"POST /login/lab/ HTTP/1.1" 302 0
"GET /dashboard/ HTTP/1.1" 200 11067
"GET /admin/ HTTP/1.1" 200 76171
"GET /admin/accounts/user/add/ HTTP/1.1" 200 47633
"GET /static/admin/js/vendor/jquery/jquery.js HTTP/1.1" 304 0
"GET /static/admin/css/unusable_password_field.css HTTP/1.1" 200 663
"GET /static/admin/js/jquery.init.js HTTP/1.1" 304 0
"GET /static/admin/js/core.js HTTP/1.1" 304 0
"GET /static/admin/js/admin/RelatedObjectLookups.js HTTP/1.1" 304 0
"GET /static/admin/js/actions.js HTTP/1.1" 304 0
"GET /static/admin/js/urlify.js HTTP/1.1" 304 0
"GET /static/admin/js/prepopulate.js HTTP/1.1" 304 0
"GET /static/admin/js/vendor/xregexp/xregexp.js HTTP/1.1" 304 0
"GET /static/admin/js/prepopulate_init.js HTTP/1.1" 304 0
"GET /static/admin/js/change_form.js HTTP/1.1" 304 0
"GET /admin/jsi18n/ HTTP/1.1" 200 3342
"GET /static/admin/js/unusable_password_field.js HTTP/1.1" 200 1480
"POST /admin/accounts/user/add/ HTTP/1.1" 200 47954
"GET /admin/jsi18n/ HTTP/1.1" 200 3342
"POST /admin/accounts/user/add/ HTTP/1.1" 302 0
"GET /admin/accounts/user/2/change/ HTTP/1.1" 200 68902
"GET /static/admin/js/calendar.js HTTP/1.1" 304 0
"GET /static/admin/js/admin/DateTimeShortcuts.js HTTP/1.1" 304 0
"GET /admin/jsi18n/ HTTP/1.1" 200 3342
"GET /static/admin/js/SelectBox.js HTTP/1.1" 304 0
"GET /static/admin/js/SelectFilter2.js HTTP/1.1" 304 0
"GET /static/admin/img/icon-addlink.svg HTTP/1.1" 304 0
"GET /static/admin/img/icon-yes.svg HTTP/1.1" 304 0
"GET /static/admin/img/selector-icons.svg HTTP/1.1" 304 0
"GET /static/admin/img/search.svg HTTP/1.1" 304 0
"GET /static/admin/img/icon-clock.svg HTTP/1.1" 304 0
"GET /static/admin/img/icon-calendar.svg HTTP/1.1" 304 0
"GET /admin/auth/group/add/?_to_field=id&_popup=1 HTTP/1.1" 200 29832
"GET /admin/jsi18n/ HTTP/1.1" 200 3342
"GET /admin/auth/group/add/?_to_field=id&_popup=1 HTTP/1.1" 200 29832
"GET /admin/jsi18n/ HTTP/1.1" 200 3342
"POST /admin/auth/group/add/?_to_field=id&_popup=1 HTTP/1.1" 200 390
"GET /static/admin/js/popup_response.js HTTP/1.1" 200 1718
"GET /static/admin/img/calendar-icons.svg HTTP/1.1" 304 0
"POST /admin/accounts/user/2/change/ HTTP/1.1" 302 0
Internal Server Error: /admin/accounts/user/
Traceback (most recent call last):
  File "D:\MY PROJECTS\TFICMS\venv\Lib\site-packages\django\template\defaulttags.py", line 1035, in find_library
    return parser.libraries[name]
           ~~~~~~~~~~~~~~~~^^^^^^
KeyError: 'admin_list_filter'

During handling of the above exception, another exception occurred:

Traceback (most recent call last):
  File "D:\MY PROJECTS\TFICMS\venv\Lib\site-packages\django\core\handlers\exception.py", line 55, in inner
    response = get_response(request)
               ^^^^^^^^^^^^^^^^^^^^^
  File "D:\MY PROJECTS\TFICMS\venv\Lib\site-packages\django\core\handlers\base.py", line 220, in _get_response
    response = response.render()
               ^^^^^^^^^^^^^^^^^
  File "D:\MY PROJECTS\TFICMS\venv\Lib\site-packages\django\template\response.py", line 114, in render
    self.content = self.rendered_content
                   ^^^^^^^^^^^^^^^^^^^^^
  File "D:\MY PROJECTS\TFICMS\venv\Lib\site-packages\django\template\response.py", line 90, in rendered_content
    template = self.resolve_template(self.template_name)
               ^^^^^^^^^^^^^^^^^^^^^^^^^^^^^^^^^^^^^^^^^
  File "D:\MY PROJECTS\TFICMS\venv\Lib\site-packages\django\template\response.py", line 72, in resolve_template
    return select_template(template, using=self.using)
           ^^^^^^^^^^^^^^^^^^^^^^^^^^^^^^^^^^^^^^^^^^^
  File "D:\MY PROJECTS\TFICMS\venv\Lib\site-packages\django\template\loader.py", line 42, in select_template
    return engine.get_template(template_name)
           ^^^^^^^^^^^^^^^^^^^^^^^^^^^^^^^^^^
  File "D:\MY PROJECTS\TFICMS\venv\Lib\site-packages\django\template\backends\django.py", line 79, in get_template
    return Template(self.engine.get_template(template_name), self)
                    ^^^^^^^^^^^^^^^^^^^^^^^^^^^^^^^^^^^^^^^
  File "D:\MY PROJECTS\TFICMS\venv\Lib\site-packages\django\template\engine.py", line 177, in get_template
    template, origin = self.find_template(template_name)
                       ^^^^^^^^^^^^^^^^^^^^^^^^^^^^^^^^^
  File "D:\MY PROJECTS\TFICMS\venv\Lib\site-packages\django\template\engine.py", line 159, in find_template
    template = loader.get_template(name, skip=skip)
               ^^^^^^^^^^^^^^^^^^^^^^^^^^^^^^^^^^^^
  File "D:\MY PROJECTS\TFICMS\venv\Lib\site-packages\django\template\loaders\cached.py", line 57, in get_template
    template = super().get_template(template_name, skip)
               ^^^^^^^^^^^^^^^^^^^^^^^^^^^^^^^^^^^^^^^^^
  File "D:\MY PROJECTS\TFICMS\venv\Lib\site-packages\django\template\loaders\base.py", line 28, in get_template
    return Template(
           ^^^^^^^^^
  File "D:\MY PROJECTS\TFICMS\venv\Lib\site-packages\django\template\base.py", line 155, in __init__
    self.nodelist = self.compile_nodelist()
                    ^^^^^^^^^^^^^^^^^^^^^^^
  File "D:\MY PROJECTS\TFICMS\venv\Lib\site-packages\django\template\base.py", line 197, in compile_nodelist
    nodelist = parser.parse()
               ^^^^^^^^^^^^^^
  File "D:\MY PROJECTS\TFICMS\venv\Lib\site-packages\django\template\base.py", line 519, in parse
    raise self.error(token, e)
  File "D:\MY PROJECTS\TFICMS\venv\Lib\site-packages\django\template\base.py", line 517, in parse
    compiled_result = compile_func(self, token)
                      ^^^^^^^^^^^^^^^^^^^^^^^^^
  File "D:\MY PROJECTS\TFICMS\venv\Lib\site-packages\django\template\loader_tags.py", line 299, in do_extends
    nodelist = parser.parse()
               ^^^^^^^^^^^^^^
  File "D:\MY PROJECTS\TFICMS\venv\Lib\site-packages\django\template\base.py", line 519, in parse
    raise self.error(token, e)
  File "D:\MY PROJECTS\TFICMS\venv\Lib\site-packages\django\template\base.py", line 517, in parse
    compiled_result = compile_func(self, token)
                      ^^^^^^^^^^^^^^^^^^^^^^^^^
  File "D:\MY PROJECTS\TFICMS\venv\Lib\site-packages\django\template\defaulttags.py", line 1097, in load
    lib = find_library(parser, name)
          ^^^^^^^^^^^^^^^^^^^^^^^^^^
  File "D:\MY PROJECTS\TFICMS\venv\Lib\site-packages\django\template\defaulttags.py", line 1037, in find_library
    raise TemplateSyntaxError(
django.template.exceptions.TemplateSyntaxError: 'admin_list_filter' is not a registered tag library. Must be one of:
admin_interface_tags
admin_list
admin_modify
admin_urls
cache
crispy_forms_field
crispy_forms_filters
crispy_forms_tags
crispy_forms_utils
i18n
import_export_tags
l10n
log
rest_framework
static
tz
widget_tweaks
"GET /admin/accounts/user/ HTTP/1.1" 500 181168
Watching for file changes with StatReloader
"GET /admin/accounts/user/ HTTP/1.1" 200 49270
"GET /static/admin_interface/css/form-controls.css?v=09666d757b59a801494c303f4fff36bec090d0965ced83dc1921577e HTTP/1.1" 200 2437
"GET /static/admin_interface/css/language-chooser.css?v=09666d757b59a801494c303f4fff36bec090d0965ced83dc1921577e HTTP/1.1" 200 1734
"GET /static/admin_interface/css/list-filter-dropdown.css?v=09666d757b59a801494c303f4fff36bec090d0965ced83dc1921577e HTTP/1.1" 200 691
"GET /static/admin_interface/css/admin-interface-fix.css?v=09666d757b59a801494c303f4fff36bec090d0965ced83dc1921577e HTTP/1.1" 200 14785
"GET /static/admin_interface/css/rangefilter.css?v=09666d757b59a801494c303f4fff36bec090d0965ced83dc1921577e HTTP/1.1" 200 1238
"GET /static/admin_interface/css/admin-interface.css?v=09666d757b59a801494c303f4fff36bec090d0965ced83dc1921577e HTTP/1.1" 200 16566
"GET /static/admin_interface/css/streamfield.css?v=09666d757b59a801494c303f4fff36bec090d0965ced83dc1921577e HTTP/1.1" 200 5651
"GET /static/admin_interface/css/jquery.ui.tabs.css?v=09666d757b59a801494c303f4fff36bec090d0965ced83dc1921577e HTTP/1.1" 200 5558
"GET /static/admin_interface/css/modeltranslation.css?v=09666d757b59a801494c303f4fff36bec090d0965ced83dc1921577e HTTP/1.1" 200 356
"GET /static/admin_interface/css/sorl-thumbnail.css?v=09666d757b59a801494c303f4fff36bec090d0965ced83dc1921577e HTTP/1.1" 200 1451
"GET /static/admin_interface/css/ckeditor.css?v=09666d757b59a801494c303f4fff36bec090d0965ced83dc1921577e HTTP/1.1" 200 2720
"GET /static/admin_interface/css/tinymce.css?v=09666d757b59a801494c303f4fff36bec090d0965ced83dc1921577e HTTP/1.1" 200 78
"GET /static/admin_interface/css/import-export.css?v=09666d757b59a801494c303f4fff36bec090d0965ced83dc1921577e HTTP/1.1" 200 189
"GET /static/admin_interface/css/related-modal.css?v=09666d757b59a801494c303f4fff36bec090d0965ced83dc1921577e HTTP/1.1" 200 2867
"GET /static/admin_interface/css/rtl.css?v=09666d757b59a801494c303f4fff36bec090d0965ced83dc1921577e HTTP/1.1" 200 1016
"GET /static/admin_interface/css/tabbed-changeform.css?v=09666d757b59a801494c303f4fff36bec090d0965ced83dc1921577e HTTP/1.1" 200 1895
"GET /static/admin/css/changelists.css HTTP/1.1" 304 0
"GET /static/admin_interface/css/json-widget.css?v=09666d757b59a801494c303f4fff36bec090d0965ced83dc1921577e HTTP/1.1" 200 993
"GET /static/admin_interface/foldable-apps/foldable-apps.css?nocache=09666d757b59a801494c303f4fff36bec090d0965ced83dc1921577e HTTP/1.1" 200 1943
"GET /static/admin_interface/magnific-popup/magnific-popup.css?nocache=09666d757b59a801494c303f4fff36bec090d0965ced83dc1921577e HTTP/1.1" 200 6951
"GET /static/admin/css/responsive_rtl.css?nocache=09666d757b59a801494c303f4fff36bec090d0965ced83dc1921577e HTTP/1.1" 200 1991
"GET /static/admin/css/responsive.css?nocache=09666d757b59a801494c303f4fff36bec090d0965ced83dc1921577e HTTP/1.1" 200 16565
"GET /admin/jsi18n/ HTTP/1.1" 200 3342
"GET /static/admin_interface/related-modal/related-modal.js?nocache=09666d757b59a801494c303f4fff36bec090d0965ced83dc1921577e HTTP/1.1" 200 6803
"GET /static/admin_interface/foldable-apps/foldable-apps.js?nocache=09666d757b59a801494c303f4fff36bec090d0965ced83dc1921577e HTTP/1.1" 200 1750
"GET /static/admin/img/icon-no.svg HTTP/1.1" 200 560
"GET /static/admin/js/filters.js HTTP/1.1" 304 0
"GET /static/admin_interface/magnific-popup/jquery.magnific-popup.js?nocache=09666d757b59a801494c303f4fff36bec090d0965ced83dc1921577e HTTP/1.1" 200 60830
"GET /static/admin/img/tooltag-add.svg HTTP/1.1" 304 0
"GET /static/admin/img/sorting-icons.svg HTTP/1.1" 200 1097
"GET /admin/accounts/user/add/ HTTP/1.1" 200 50119
"GET /admin/jsi18n/ HTTP/1.1" 200 3342
"GET /admin/accounts/user/ HTTP/1.1" 200 49037
"GET /admin/jsi18n/ HTTP/1.1" 200 3342
"POST /admin/accounts/user/ HTTP/1.1" 200 42495
"GET /static/admin/js/cancel.js HTTP/1.1" 200 729
"POST /admin/accounts/user/ HTTP/1.1" 302 0
"GET /admin/accounts/user/ HTTP/1.1" 200 48585
"GET /admin/jsi18n/ HTTP/1.1" 200 3342
"GET /admin/accounts/user/add/ HTTP/1.1" 200 50119
"GET /admin/jsi18n/ HTTP/1.1" 200 3342
"POST /admin/accounts/user/add/ HTTP/1.1" 302 0
"GET /admin/accounts/user/3/change/ HTTP/1.1" 200 69838
"GET /admin/jsi18n/ HTTP/1.1" 200 3342
"POST /admin/accounts/user/3/change/ HTTP/1.1" 302 0
"GET /admin/accounts/user/3/change/ HTTP/1.1" 200 69984
"GET /static/admin_interface/css/admin-interface-fix.css?v=09666d757b59a801494c303f4fff36bec090d0965ced83dc1921577e HTTP/1.1" 304 0
"GET /static/admin_interface/css/admin-interface.css?v=09666d757b59a801494c303f4fff36bec090d0965ced83dc1921577e HTTP/1.1" 304 0
"GET /static/admin_interface/css/form-controls.css?v=09666d757b59a801494c303f4fff36bec090d0965ced83dc1921577e HTTP/1.1" 304 0
"GET /static/admin_interface/css/language-chooser.css?v=09666d757b59a801494c303f4fff36bec090d0965ced83dc1921577e HTTP/1.1" 304 0
"GET /static/admin_interface/css/list-filter-dropdown.css?v=09666d757b59a801494c303f4fff36bec090d0965ced83dc1921577e HTTP/1.1" 304 0
"GET /static/admin_interface/css/rangefilter.css?v=09666d757b59a801494c303f4fff36bec090d0965ced83dc1921577e HTTP/1.1" 304 0
"GET /static/admin_interface/css/related-modal.css?v=09666d757b59a801494c303f4fff36bec090d0965ced83dc1921577e HTTP/1.1" 304 0
"GET /static/admin_interface/css/streamfield.css?v=09666d757b59a801494c303f4fff36bec090d0965ced83dc1921577e HTTP/1.1" 304 0
"GET /static/admin_interface/css/jquery.ui.tabs.css?v=09666d757b59a801494c303f4fff36bec090d0965ced83dc1921577e HTTP/1.1" 304 0
"GET /static/admin_interface/css/modeltranslation.css?v=09666d757b59a801494c303f4fff36bec090d0965ced83dc1921577e HTTP/1.1" 304 0
"GET /static/admin_interface/css/sorl-thumbnail.css?v=09666d757b59a801494c303f4fff36bec090d0965ced83dc1921577e HTTP/1.1" 304 0
"GET /static/admin_interface/css/ckeditor.css?v=09666d757b59a801494c303f4fff36bec090d0965ced83dc1921577e HTTP/1.1" 304 0
"GET /static/admin_interface/css/tinymce.css?v=09666d757b59a801494c303f4fff36bec090d0965ced83dc1921577e HTTP/1.1" 304 0
"GET /static/admin_interface/css/rtl.css?v=09666d757b59a801494c303f4fff36bec090d0965ced83dc1921577e HTTP/1.1" 304 0
"GET /static/admin_interface/css/json-widget.css?v=09666d757b59a801494c303f4fff36bec090d0965ced83dc1921577e HTTP/1.1" 304 0
"GET /static/admin_interface/css/import-export.css?v=09666d757b59a801494c303f4fff36bec090d0965ced83dc1921577e HTTP/1.1" 304 0
"GET /static/admin_interface/magnific-popup/magnific-popup.css?nocache=09666d757b59a801494c303f4fff36bec090d0965ced83dc1921577e HTTP/1.1" 304 0
"GET /static/admin_interface/css/tabbed-changeform.css?v=09666d757b59a801494c303f4fff36bec090d0965ced83dc1921577e HTTP/1.1" 304 0
"GET /static/admin_interface/foldable-apps/foldable-apps.css?nocache=09666d757b59a801494c303f4fff36bec090d0965ced83dc1921577e HTTP/1.1" 304 0
"GET /static/admin_interface/magnific-popup/jquery.magnific-popup.js?nocache=09666d757b59a801494c303f4fff36bec090d0965ced83dc1921577e HTTP/1.1" 304 0
"GET /static/admin_interface/foldable-apps/foldable-apps.js?nocache=09666d757b59a801494c303f4fff36bec090d0965ced83dc1921577e HTTP/1.1" 304 0
"GET /static/admin_interface/related-modal/related-modal.js?nocache=09666d757b59a801494c303f4fff36bec090d0965ced83dc1921577e HTTP/1.1" 304 0
"GET /admin/jsi18n/ HTTP/1.1" 200 3342
"POST /admin/accounts/user/3/change/ HTTP/1.1" 302 0
"GET /admin/accounts/user/ HTTP/1.1" 200 49270
"GET /admin/jsi18n/ HTTP/1.1" 200 3342
"GET /admin/ HTTP/1.1" 200 49998
"GET /static/admin/css/dashboard.css HTTP/1.1" 200 441
"GET /static/admin/img/icon-changelink.svg HTTP/1.1" 304 0
"GET /static/admin/img/icon-deletelink.svg HTTP/1.1" 304 0
"GET /admin/accounts/user/ HTTP/1.1" 200 49037
"POST /admin/logout/ HTTP/1.1" 302 0
"GET /dashboard/ HTTP/1.1" 302 0
"GET /accounts/login/?next=/dashboard/ HTTP/1.1" 200 5955
"GET /login/ HTTP/1.1" 200 12545
"GET /login/reception/ HTTP/1.1" 200 5366
"POST /login/reception/ HTTP/1.1" 200 5707
"POST /login/reception/ HTTP/1.1" 200 5707
"POST /login/reception/ HTTP/1.1" 200 5707
"POST /login/reception/ HTTP/1.1" 302 0
"GET /dashboard/ HTTP/1.1" 200 11067
"GET /admin/ HTTP/1.1" 200 49998
"GET / HTTP/1.1" 302 0
"GET /dashboard/ HTTP/1.1" 200 11067
"GET /swagger/ HTTP/1.1" 200 2664
"GET /static/drf-yasg/swagger-ui-dist/favicon-32x32.png HTTP/1.1" 304 0
Internal Server Error: /swagger/
Traceback (most recent call last):
  File "D:\MY PROJECTS\TFICMS\venv\Lib\site-packages\django\core\handlers\exception.py", line 55, in inner
    response = get_response(request)
               ^^^^^^^^^^^^^^^^^^^^^
  File "D:\MY PROJECTS\TFICMS\venv\Lib\site-packages\django\core\handlers\base.py", line 197, in _get_response
    response = wrapped_callback(request, *callback_args, **callback_kwargs)
               ^^^^^^^^^^^^^^^^^^^^^^^^^^^^^^^^^^^^^^^^^^^^^^^^^^^^^^^^^^^^
  File "D:\MY PROJECTS\TFICMS\venv\Lib\site-packages\django\views\decorators\csrf.py", line 65, in _view_wrapper
    return view_func(request, *args, **kwargs)
           ^^^^^^^^^^^^^^^^^^^^^^^^^^^^^^^^^^^
  File "D:\MY PROJECTS\TFICMS\venv\Lib\site-packages\django\views\generic\base.py", line 105, in view
    return self.dispatch(request, *args, **kwargs)
           ^^^^^^^^^^^^^^^^^^^^^^^^^^^^^^^^^^^^^^^
  File "D:\MY PROJECTS\TFICMS\venv\Lib\site-packages\rest_framework\views.py", line 515, in dispatch
    response = self.handle_exception(exc)
               ^^^^^^^^^^^^^^^^^^^^^^^^^^
  File "D:\MY PROJECTS\TFICMS\venv\Lib\site-packages\rest_framework\views.py", line 475, in handle_exception
    self.raise_uncaught_exception(exc)
  File "D:\MY PROJECTS\TFICMS\venv\Lib\site-packages\rest_framework\views.py", line 486, in raise_uncaught_exception
    raise exc
  File "D:\MY PROJECTS\TFICMS\venv\Lib\site-packages\rest_framework\views.py", line 512, in dispatch
    response = handler(request, *args, **kwargs)
               ^^^^^^^^^^^^^^^^^^^^^^^^^^^^^^^^^
  File "D:\MY PROJECTS\TFICMS\venv\Lib\site-packages\drf_yasg\views.py", line 129, in get
    schema = generator.get_schema(request, self.public)
             ^^^^^^^^^^^^^^^^^^^^^^^^^^^^^^^^^^^^^^^^^^
  File "D:\MY PROJECTS\TFICMS\venv\Lib\site-packages\drf_yasg\generators.py", line 337, in get_schema
    paths, prefix = self.get_paths(endpoints, components, request, public)
                    ^^^^^^^^^^^^^^^^^^^^^^^^^^^^^^^^^^^^^^^^^^^^^^^^^^^^^^
  File "D:\MY PROJECTS\TFICMS\venv\Lib\site-packages\drf_yasg\generators.py", line 561, in get_paths
    operation = self.get_operation(
                ^^^^^^^^^^^^^^^^^^^
  File "D:\MY PROJECTS\TFICMS\venv\Lib\site-packages\drf_yasg\generators.py", line 609, in get_operation
    operation = view_inspector.get_operation(operation_keys)
                ^^^^^^^^^^^^^^^^^^^^^^^^^^^^^^^^^^^^^^^^^^^^
  File "D:\MY PROJECTS\TFICMS\venv\Lib\site-packages\drf_yasg\inspectors\view.py", line 58, in get_operation
    responses = self.get_responses()
                ^^^^^^^^^^^^^^^^^^^^
  File "D:\MY PROJECTS\TFICMS\venv\Lib\site-packages\drf_yasg\inspectors\view.py", line 224, in get_responses
    response_serializers = self.get_response_serializers()
                           ^^^^^^^^^^^^^^^^^^^^^^^^^^^^^^^
  File "D:\MY PROJECTS\TFICMS\venv\Lib\site-packages\drf_yasg\inspectors\view.py", line 289, in get_response_serializers
    responses = self.get_default_responses()
                ^^^^^^^^^^^^^^^^^^^^^^^^^^^^
  File "D:\MY PROJECTS\TFICMS\venv\Lib\site-packages\drf_yasg\inspectors\view.py", line 257, in get_default_responses
    default_schema = self.serializer_to_schema(default_schema) or ""
                     ^^^^^^^^^^^^^^^^^^^^^^^^^^^^^^^^^^^^^^^^^
  File "D:\MY PROJECTS\TFICMS\venv\Lib\site-packages\drf_yasg\inspectors\base.py", line 551, in serializer_to_schema
    return self.probe_inspectors(
           ^^^^^^^^^^^^^^^^^^^^^^
  File "D:\MY PROJECTS\TFICMS\venv\Lib\site-packages\drf_yasg\inspectors\base.py", line 137, in probe_inspectors
    result = method(obj, **kwargs)
             ^^^^^^^^^^^^^^^^^^^^^
  File "D:\MY PROJECTS\TFICMS\venv\Lib\site-packages\drf_yasg\inspectors\field.py", line 56, in get_schema
    return self.probe_field_inspectors(
           ^^^^^^^^^^^^^^^^^^^^^^^^^^^^
  File "D:\MY PROJECTS\TFICMS\venv\Lib\site-packages\drf_yasg\inspectors\base.py", line 277, in probe_field_inspectors
    return self.probe_inspectors(
           ^^^^^^^^^^^^^^^^^^^^^^
  File "D:\MY PROJECTS\TFICMS\venv\Lib\site-packages\drf_yasg\inspectors\base.py", line 137, in probe_inspectors
    result = method(obj, **kwargs)
             ^^^^^^^^^^^^^^^^^^^^^
  File "D:\MY PROJECTS\TFICMS\venv\Lib\site-packages\drf_yasg\inspectors\field.py", line 155, in field_to_swagger_object
    actual_schema = definitions.setdefault(ref_name, make_schema_definition)
                    ^^^^^^^^^^^^^^^^^^^^^^^^^^^^^^^^^^^^^^^^^^^^^^^^^^^^^^^^
  File "D:\MY PROJECTS\TFICMS\venv\Lib\site-packages\drf_yasg\openapi.py", line 822, in setdefault
    ret = maker()
          ^^^^^^^
  File "D:\MY PROJECTS\TFICMS\venv\Lib\site-packages\drf_yasg\inspectors\field.py", line 126, in make_schema_definition
    for property_name, child in serializer.fields.items():
                                ^^^^^^^^^^^^^^^^^
  File "D:\MY PROJECTS\TFICMS\venv\Lib\site-packages\django\utils\functional.py", line 47, in __get__
    res = instance.__dict__[self.name] = self.func(instance)
                                         ^^^^^^^^^^^^^^^^^^^
  File "D:\MY PROJECTS\TFICMS\venv\Lib\site-packages\rest_framework\serializers.py", line 374, in fields
    for key, value in self.get_fields().items():
                      ^^^^^^^^^^^^^^^^^
  File "D:\MY PROJECTS\TFICMS\venv\Lib\site-packages\rest_framework\serializers.py", line 1105, in get_fields
    field_class, field_kwargs = self.build_field(
                                ^^^^^^^^^^^^^^^^^
  File "D:\MY PROJECTS\TFICMS\venv\Lib\site-packages\rest_framework\serializers.py", line 1241, in build_field
    return self.build_relational_field(field_name, relation_info)
           ^^^^^^^^^^^^^^^^^^^^^^^^^^^^^^^^^^^^^^^^^^^^^^^^^^^^^^
  File "D:\MY PROJECTS\TFICMS\venv\Lib\site-packages\rest_framework\serializers.py", line 1319, in build_relational_field
    field_kwargs = get_relation_kwargs(field_name, relation_info)
                   ^^^^^^^^^^^^^^^^^^^^^^^^^^^^^^^^^^^^^^^^^^^^^^
  File "D:\MY PROJECTS\TFICMS\venv\Lib\site-packages\rest_framework\utils\field_mapping.py", line 270, in get_relation_kwargs
    kwargs['queryset'] = kwargs['queryset'].filter(limit_choices_to)
                         ^^^^^^^^^^^^^^^^^^^^^^^^^^^^^^^^^^^^^^^^^^^
  File "D:\MY PROJECTS\TFICMS\venv\Lib\site-packages\django\db\models\manager.py", line 87, in manager_method
    return getattr(self.get_queryset(), name)(*args, **kwargs)
           ^^^^^^^^^^^^^^^^^^^^^^^^^^^^^^^^^^^^^^^^^^^^^^^^^^^
  File "D:\MY PROJECTS\TFICMS\venv\Lib\site-packages\django\db\models\query.py", line 1495, in filter
    return self._filter_or_exclude(False, args, kwargs)
           ^^^^^^^^^^^^^^^^^^^^^^^^^^^^^^^^^^^^^^^^^^^^
  File "D:\MY PROJECTS\TFICMS\venv\Lib\site-packages\django\db\models\query.py", line 1513, in _filter_or_exclude
    clone._filter_or_exclude_inplace(negate, args, kwargs)
  File "D:\MY PROJECTS\TFICMS\venv\Lib\site-packages\django\db\models\query.py", line 1523, in _filter_or_exclude_inplace
    self._query.add_q(Q(*args, **kwargs))
  File "D:\MY PROJECTS\TFICMS\venv\Lib\site-packages\django\db\models\sql\query.py", line 1648, in add_q
    clause, _ = self._add_q(q_object, can_reuse)
                ^^^^^^^^^^^^^^^^^^^^^^^^^^^^^^^^
  File "D:\MY PROJECTS\TFICMS\venv\Lib\site-packages\django\db\models\sql\query.py", line 1680, in _add_q
    child_clause, needed_inner = self.build_filter(
                                 ^^^^^^^^^^^^^^^^^^
  File "D:\MY PROJECTS\TFICMS\venv\Lib\site-packages\django\db\models\sql\query.py", line 1505, in build_filter
    return self._add_q(
           ^^^^^^^^^^^^
  File "D:\MY PROJECTS\TFICMS\venv\Lib\site-packages\django\db\models\sql\query.py", line 1680, in _add_q
    child_clause, needed_inner = self.build_filter(
                                 ^^^^^^^^^^^^^^^^^^
  File "D:\MY PROJECTS\TFICMS\venv\Lib\site-packages\django\db\models\sql\query.py", line 1528, in build_filter
    lookups, parts, reffed_expression = self.solve_lookup_type(arg, summarize)
                                        ^^^^^^^^^^^^^^^^^^^^^^^^^^^^^^^^^^^^^^
  File "D:\MY PROJECTS\TFICMS\venv\Lib\site-packages\django\db\models\sql\query.py", line 1335, in solve_lookup_type
    _, field, _, lookup_parts = self.names_to_path(lookup_splitted, self.get_meta())
                                ^^^^^^^^^^^^^^^^^^^^^^^^^^^^^^^^^^^^^^^^^^^^^^^^^^^^
  File "D:\MY PROJECTS\TFICMS\venv\Lib\site-packages\django\db\models\sql\query.py", line 1813, in names_to_path
    raise FieldError(
django.core.exceptions.FieldError: Cannot resolve keyword 'role' into field. Choices are: andrology_witness, appointment, auditlog, consultation, cryostoragerecord, date_joined, department, doctor_appointments, doctor_consultations, email, embryo_witness, first_name, groups, id, is_active, is_staff, is_superuser, ivfcycle, last_login, last_name, leave_approvals, logentry, notificationlog, oocyte_witness, password, patients_created, phone, semenanalysis, spermfreezing, spermpreparation, staffprofile, user_permissions, username
"GET /swagger/?format=openapi HTTP/1.1" 500 292097
Not Found: /login/receptionist/
"GET /login/receptionist/ HTTP/1.1" 404 11122
"GET /admin/ HTTP/1.1" 200 49998
"POST /admin/logout/ HTTP/1.1" 302 0
"GET /dashboard/ HTTP/1.1" 302 0
"GET /accounts/login/?next=/dashboard/ HTTP/1.1" 200 5955
Watching for file changes with StatReloader
Not Found: /                    
"GET /%20%20%20%20%20%20%20%20%20%20%20%20%20%20%20%20%20%20%20%20 HTTP/1.1" 404 11326
"GET / HTTP/1.1" 200 15345
"GET /login/ HTTP/1.1" 200 12525
"GET /login/reception/ HTTP/1.1" 200 5346
"POST /login/reception/ HTTP/1.1" 302 0
"GET /dashboard/ HTTP/1.1" 200 11047
"GET /admin/ HTTP/1.1" 200 49998
"GET /static/admin_interface/css/admin-interface.css?v=09666d757b59a801494c303f4fff36bec090d0965ced83dc1921577e HTTP/1.1" 304 0
"GET /static/admin_interface/css/admin-interface-fix.css?v=09666d757b59a801494c303f4fff36bec090d0965ced83dc1921577e HTTP/1.1" 304 0
"GET /static/admin_interface/css/form-controls.css?v=09666d757b59a801494c303f4fff36bec090d0965ced83dc1921577e HTTP/1.1" 304 0
"GET /static/admin_interface/css/language-chooser.css?v=09666d757b59a801494c303f4fff36bec090d0965ced83dc1921577e HTTP/1.1" 304 0
"GET /static/admin_interface/css/list-filter-dropdown.css?v=09666d757b59a801494c303f4fff36bec090d0965ced83dc1921577e HTTP/1.1" 304 0
"GET /static/admin_interface/css/rangefilter.css?v=09666d757b59a801494c303f4fff36bec090d0965ced83dc1921577e HTTP/1.1" 304 0
"GET /static/admin_interface/css/related-modal.css?v=09666d757b59a801494c303f4fff36bec090d0965ced83dc1921577e HTTP/1.1" 304 0
"GET /static/admin_interface/css/streamfield.css?v=09666d757b59a801494c303f4fff36bec090d0965ced83dc1921577e HTTP/1.1" 304 0
"GET /static/admin_interface/css/jquery.ui.tabs.css?v=09666d757b59a801494c303f4fff36bec090d0965ced83dc1921577e HTTP/1.1" 304 0
"GET /static/admin_interface/css/modeltranslation.css?v=09666d757b59a801494c303f4fff36bec090d0965ced83dc1921577e HTTP/1.1" 304 0
"GET /static/admin_interface/css/ckeditor.css?v=09666d757b59a801494c303f4fff36bec090d0965ced83dc1921577e HTTP/1.1" 304 0
"GET /static/admin_interface/css/sorl-thumbnail.css?v=09666d757b59a801494c303f4fff36bec090d0965ced83dc1921577e HTTP/1.1" 304 0
"GET /static/admin_interface/css/tinymce.css?v=09666d757b59a801494c303f4fff36bec090d0965ced83dc1921577e HTTP/1.1" 304 0
"GET /static/admin_interface/css/json-widget.css?v=09666d757b59a801494c303f4fff36bec090d0965ced83dc1921577e HTTP/1.1" 304 0
"GET /static/admin_interface/css/import-export.css?v=09666d757b59a801494c303f4fff36bec090d0965ced83dc1921577e HTTP/1.1" 304 0
"GET /static/admin_interface/css/rtl.css?v=09666d757b59a801494c303f4fff36bec090d0965ced83dc1921577e HTTP/1.1" 304 0
"GET /static/admin_interface/css/tabbed-changeform.css?v=09666d757b59a801494c303f4fff36bec090d0965ced83dc1921577e HTTP/1.1" 304 0
"GET /static/admin_interface/foldable-apps/foldable-apps.css?nocache=09666d757b59a801494c303f4fff36bec090d0965ced83dc1921577e HTTP/1.1" 304 0
"GET /static/admin_interface/magnific-popup/magnific-popup.css?nocache=09666d757b59a801494c303f4fff36bec090d0965ced83dc1921577e HTTP/1.1" 304 0
"GET /static/admin_interface/foldable-apps/foldable-apps.js?nocache=09666d757b59a801494c303f4fff36bec090d0965ced83dc1921577e HTTP/1.1" 304 0
"GET /static/admin_interface/magnific-popup/jquery.magnific-popup.js?nocache=09666d757b59a801494c303f4fff36bec090d0965ced83dc1921577e HTTP/1.1" 304 0
"GET /static/admin_interface/related-modal/related-modal.js?nocache=09666d757b59a801494c303f4fff36bec090d0965ced83dc1921577e HTTP/1.1" 304 0
"POST /admin/logout/ HTTP/1.1" 302 0
"GET /dashboard/ HTTP/1.1" 302 0
"GET /accounts/login/?next=/dashboard/ HTTP/1.1" 200 5935
Method Not Allowed (POST): /accounts/login/
"POST /accounts/login/?next=/dashboard/ HTTP/1.1" 405 0
"GET /admin/ HTTP/1.1" 302 0
"GET /admin/login/?next=/admin/ HTTP/1.1" 200 15518
"POST /admin/login/?next=/admin/ HTTP/1.1" 200 15690
"GET /admin/login/?next=/admin/ HTTP/1.1" 200 15518
"GET /admin/ HTTP/1.1" 302 0
"GET /admin/login/?next=/admin/ HTTP/1.1" 200 15518
"POST /admin/login/?next=/admin/ HTTP/1.1" 302 0
"GET /admin/ HTTP/1.1" 200 49998
"GET /admin/login/?next=/admin/ HTTP/1.1" 302 0
"GET /admin/ HTTP/1.1" 200 49998
"GET / HTTP/1.1" 200 16091
"GET /admin/ HTTP/1.1" 200 49998
Watching for file changes with StatReloader
"GET / HTTP/1.1" 200 10949
"GET /dashboard/ HTTP/1.1" 200 11047
"POST /accounts/logout/ HTTP/1.1" 302 0
"GET /login/ HTTP/1.1" 200 12525
"GET /login/ HTTP/1.1" 200 12525
"GET /admin/ HTTP/1.1" 302 0
"GET /admin/login/?next=/admin/ HTTP/1.1" 200 15518
"GET /static/admin/css/dark_mode.css HTTP/1.1" 304 0
"GET /static/admin/css/base.css HTTP/1.1" 304 0
"GET /static/admin_interface/css/admin-interface.css?v=09666d757b59a801494c303f4fff36bec090d0965ced83dc1921577e HTTP/1.1" 304 0
"GET /static/admin/css/nav_sidebar.css HTTP/1.1" 304 0
"GET /static/admin_interface/css/admin-interface-fix.css?v=09666d757b59a801494c303f4fff36bec090d0965ced83dc1921577e HTTP/1.1" 304 0
"GET /static/admin_interface/css/form-controls.css?v=09666d757b59a801494c303f4fff36bec090d0965ced83dc1921577e HTTP/1.1" 304 0
"GET /static/admin_interface/css/language-chooser.css?v=09666d757b59a801494c303f4fff36bec090d0965ced83dc1921577e HTTP/1.1" 304 0
"GET /static/admin_interface/css/list-filter-dropdown.css?v=09666d757b59a801494c303f4fff36bec090d0965ced83dc1921577e HTTP/1.1" 304 0
"GET /static/admin_interface/css/related-modal.css?v=09666d757b59a801494c303f4fff36bec090d0965ced83dc1921577e HTTP/1.1" 304 0
"GET /static/admin_interface/css/rangefilter.css?v=09666d757b59a801494c303f4fff36bec090d0965ced83dc1921577e HTTP/1.1" 304 0
"GET /static/admin_interface/css/jquery.ui.tabs.css?v=09666d757b59a801494c303f4fff36bec090d0965ced83dc1921577e HTTP/1.1" 304 0
"GET /static/admin_interface/css/streamfield.css?v=09666d757b59a801494c303f4fff36bec090d0965ced83dc1921577e HTTP/1.1" 304 0
"GET /static/admin_interface/css/modeltranslation.css?v=09666d757b59a801494c303f4fff36bec090d0965ced83dc1921577e HTTP/1.1" 304 0
"GET /static/admin_interface/css/sorl-thumbnail.css?v=09666d757b59a801494c303f4fff36bec090d0965ced83dc1921577e HTTP/1.1" 304 0
"GET /static/admin_interface/css/ckeditor.css?v=09666d757b59a801494c303f4fff36bec090d0965ced83dc1921577e HTTP/1.1" 304 0
"GET /static/admin_interface/css/tinymce.css?v=09666d757b59a801494c303f4fff36bec090d0965ced83dc1921577e HTTP/1.1" 304 0
"GET /static/admin_interface/css/import-export.css?v=09666d757b59a801494c303f4fff36bec090d0965ced83dc1921577e HTTP/1.1" 304 0
"GET /static/admin_interface/css/json-widget.css?v=09666d757b59a801494c303f4fff36bec090d0965ced83dc1921577e HTTP/1.1" 304 0
"GET /static/admin_interface/css/rtl.css?v=09666d757b59a801494c303f4fff36bec090d0965ced83dc1921577e HTTP/1.1" 304 0
"GET /static/admin_interface/css/tabbed-changeform.css?v=09666d757b59a801494c303f4fff36bec090d0965ced83dc1921577e HTTP/1.1" 304 0
"GET /static/admin/css/responsive.css HTTP/1.1" 304 0
"GET /static/admin_interface/foldable-apps/foldable-apps.css?nocache=09666d757b59a801494c303f4fff36bec090d0965ced83dc1921577e HTTP/1.1" 304 0
"GET /static/admin_interface/magnific-popup/magnific-popup.css?nocache=09666d757b59a801494c303f4fff36bec090d0965ced83dc1921577e HTTP/1.1" 304 0
"GET /static/admin/js/theme.js HTTP/1.1" 304 0
"GET /static/admin_interface/foldable-apps/foldable-apps.js?nocache=09666d757b59a801494c303f4fff36bec090d0965ced83dc1921577e HTTP/1.1" 304 0
"GET /static/admin_interface/magnific-popup/jquery.magnific-popup.js?nocache=09666d757b59a801494c303f4fff36bec090d0965ced83dc1921577e HTTP/1.1" 304 0
"GET /static/admin_interface/related-modal/related-modal.js?nocache=09666d757b59a801494c303f4fff36bec090d0965ced83dc1921577e HTTP/1.1" 304 0
"GET /static/admin/js/nav_sidebar.js HTTP/1.1" 304 0
"POST /admin/login/?next=/admin/ HTTP/1.1" 302 0
"GET /admin/ HTTP/1.1" 200 49998
"GET /admin/cryobank/cryostoragerecord/add/ HTTP/1.1" 200 53949
"GET /admin/jsi18n/ HTTP/1.1" 200 3342
"GET /static/admin/img/icon-viewlink.svg HTTP/1.1" 304 0
"GET /admin/ HTTP/1.1" 200 49998
"GET /admin/password_change/ HTTP/1.1" 200 42280
"GET /admin/ HTTP/1.1" 200 49998
"GET / HTTP/1.1" 200 10949
"GET /admin/ HTTP/1.1" 200 49998
"POST /admin/logout/ HTTP/1.1" 302 0
"GET /dashboard/ HTTP/1.1" 302 0
"GET /accounts/login/?next=/dashboard/ HTTP/1.1" 200 5935
Method Not Allowed (POST): /accounts/login/
"POST /accounts/login/?next=/dashboard/ HTTP/1.1" 405 0
Forbidden (CSRF token from POST incorrect.): /accounts/logout/
"POST /accounts/logout/ HTTP/1.1" 403 2503
"GET /dashboard/ HTTP/1.1" 302 0
"GET /accounts/login/?next=/dashboard/ HTTP/1.1" 200 5935
"GET /dashboard/ HTTP/1.1" 302 0
"GET /accounts/login/?next=/dashboard/ HTTP/1.1" 200 5935
"GET /admin/ HTTP/1.1" 302 0
"GET /admin/login/?next=/admin/ HTTP/1.1" 200 15518
"GET /dashboard/ HTTP/1.1" 302 0
"GET /accounts/login/?next=/dashboard/ HTTP/1.1" 200 5935
"GET /login/ HTTP/1.1" 200 12525
Method Not Allowed (POST): /accounts/login/
"POST /accounts/login/?next=/dashboard/ HTTP/1.1" 405 0
"GET /dashboard/ HTTP/1.1" 302 0
"GET /accounts/login/?next=/dashboard/ HTTP/1.1" 200 5935
"GET /admin/ HTTP/1.1" 302 0
"GET /admin/login/?next=/admin/ HTTP/1.1" 200 15518
"POST /admin/login/?next=/admin/ HTTP/1.1" 302 0
"GET /admin/ HTTP/1.1" 200 49998
Watching for file changes with StatReloader
"GET / HTTP/1.1" 200 10975
"GET /dashboard/ HTTP/1.1" 200 11079
"GET /admin/ HTTP/1.1" 200 49998
"GET /static/admin_interface/css/admin-interface.css?v=09666d757b59a801494c303f4fff36bec090d0965ced83dc1921577e HTTP/1.1" 304 0
"GET /static/admin_interface/css/form-controls.css?v=09666d757b59a801494c303f4fff36bec090d0965ced83dc1921577e HTTP/1.1" 304 0
"GET /static/admin_interface/css/admin-interface-fix.css?v=09666d757b59a801494c303f4fff36bec090d0965ced83dc1921577e HTTP/1.1" 304 0
"GET /static/admin_interface/css/list-filter-dropdown.css?v=09666d757b59a801494c303f4fff36bec090d0965ced83dc1921577e HTTP/1.1" 304 0
"GET /static/admin_interface/css/language-chooser.css?v=09666d757b59a801494c303f4fff36bec090d0965ced83dc1921577e HTTP/1.1" 304 0
"GET /static/admin_interface/css/rangefilter.css?v=09666d757b59a801494c303f4fff36bec090d0965ced83dc1921577e HTTP/1.1" 304 0
"GET /static/admin_interface/css/streamfield.css?v=09666d757b59a801494c303f4fff36bec090d0965ced83dc1921577e HTTP/1.1" 304 0
"GET /static/admin_interface/css/related-modal.css?v=09666d757b59a801494c303f4fff36bec090d0965ced83dc1921577e HTTP/1.1" 304 0
"GET /static/admin_interface/css/jquery.ui.tabs.css?v=09666d757b59a801494c303f4fff36bec090d0965ced83dc1921577e HTTP/1.1" 304 0
"GET /static/admin_interface/css/sorl-thumbnail.css?v=09666d757b59a801494c303f4fff36bec090d0965ced83dc1921577e HTTP/1.1" 304 0
"GET /static/admin_interface/css/modeltranslation.css?v=09666d757b59a801494c303f4fff36bec090d0965ced83dc1921577e HTTP/1.1" 304 0
"GET /static/admin_interface/css/ckeditor.css?v=09666d757b59a801494c303f4fff36bec090d0965ced83dc1921577e HTTP/1.1" 304 0
"GET /static/admin_interface/css/json-widget.css?v=09666d757b59a801494c303f4fff36bec090d0965ced83dc1921577e HTTP/1.1" 304 0
"GET /static/admin_interface/css/tinymce.css?v=09666d757b59a801494c303f4fff36bec090d0965ced83dc1921577e HTTP/1.1" 304 0
"GET /static/admin_interface/css/import-export.css?v=09666d757b59a801494c303f4fff36bec090d0965ced83dc1921577e HTTP/1.1" 304 0
"GET /static/admin_interface/css/tabbed-changeform.css?v=09666d757b59a801494c303f4fff36bec090d0965ced83dc1921577e HTTP/1.1" 304 0
"GET /static/admin_interface/css/rtl.css?v=09666d757b59a801494c303f4fff36bec090d0965ced83dc1921577e HTTP/1.1" 304 0
"GET /static/admin_interface/foldable-apps/foldable-apps.css?nocache=09666d757b59a801494c303f4fff36bec090d0965ced83dc1921577e HTTP/1.1" 304 0
"GET /static/admin_interface/magnific-popup/jquery.magnific-popup.js?nocache=09666d757b59a801494c303f4fff36bec090d0965ced83dc1921577e HTTP/1.1" 304 0
"GET /static/admin_interface/magnific-popup/magnific-popup.css?nocache=09666d757b59a801494c303f4fff36bec090d0965ced83dc1921577e HTTP/1.1" 304 0
"GET /static/admin_interface/foldable-apps/foldable-apps.js?nocache=09666d757b59a801494c303f4fff36bec090d0965ced83dc1921577e HTTP/1.1" 304 0
"GET /static/admin_interface/related-modal/related-modal.js?nocache=09666d757b59a801494c303f4fff36bec090d0965ced83dc1921577e HTTP/1.1" 304 0
"GET /dashboard/ HTTP/1.1" 200 11079
Watching for file changes with StatReloader
"GET / HTTP/1.1" 200 10975
"GET /dashboard/ HTTP/1.1" 200 21415
Internal Server Error: /dashboard/reception/
Traceback (most recent call last):
  File "D:\MY PROJECTS\TFICMS\venv\Lib\site-packages\django\core\handlers\exception.py", line 55, in inner
    response = get_response(request)
               ^^^^^^^^^^^^^^^^^^^^^
  File "D:\MY PROJECTS\TFICMS\venv\Lib\site-packages\django\core\handlers\base.py", line 197, in _get_response
    response = wrapped_callback(request, *callback_args, **callback_kwargs)
               ^^^^^^^^^^^^^^^^^^^^^^^^^^^^^^^^^^^^^^^^^^^^^^^^^^^^^^^^^^^^
  File "D:\MY PROJECTS\TFICMS\venv\Lib\site-packages\django\contrib\auth\decorators.py", line 59, in _view_wrapper
    return view_func(request, *args, **kwargs)
           ^^^^^^^^^^^^^^^^^^^^^^^^^^^^^^^^^^^
  File "D:\MY PROJECTS\TFICMS\accounts\views.py", line 327, in reception_dashboard
    return render(request, 'dashboard/reception_dashboard.html')
           ^^^^^^^^^^^^^^^^^^^^^^^^^^^^^^^^^^^^^^^^^^^^^^^^^^^^^
  File "D:\MY PROJECTS\TFICMS\venv\Lib\site-packages\django\shortcuts.py", line 25, in render
    content = loader.render_to_string(template_name, context, request, using=using)
              ^^^^^^^^^^^^^^^^^^^^^^^^^^^^^^^^^^^^^^^^^^^^^^^^^^^^^^^^^^^^^^^^^^^^^
  File "D:\MY PROJECTS\TFICMS\venv\Lib\site-packages\django\template\loader.py", line 61, in render_to_string
    template = get_template(template_name, using=using)
               ^^^^^^^^^^^^^^^^^^^^^^^^^^^^^^^^^^^^^^^^
  File "D:\MY PROJECTS\TFICMS\venv\Lib\site-packages\django\template\loader.py", line 19, in get_template
    raise TemplateDoesNotExist(template_name, chain=chain)
django.template.exceptions.TemplateDoesNotExist: dashboard/reception_dashboard.html
"GET /dashboard/reception/ HTTP/1.1" 500 93348
Internal Server Error: /dashboard/opd/
Traceback (most recent call last):
  File "D:\MY PROJECTS\TFICMS\venv\Lib\site-packages\django\core\handlers\exception.py", line 55, in inner
    response = get_response(request)
               ^^^^^^^^^^^^^^^^^^^^^
  File "D:\MY PROJECTS\TFICMS\venv\Lib\site-packages\django\core\handlers\base.py", line 197, in _get_response
    response = wrapped_callback(request, *callback_args, **callback_kwargs)
               ^^^^^^^^^^^^^^^^^^^^^^^^^^^^^^^^^^^^^^^^^^^^^^^^^^^^^^^^^^^^
  File "D:\MY PROJECTS\TFICMS\venv\Lib\site-packages\django\contrib\auth\decorators.py", line 59, in _view_wrapper
    return view_func(request, *args, **kwargs)
           ^^^^^^^^^^^^^^^^^^^^^^^^^^^^^^^^^^^
  File "D:\MY PROJECTS\TFICMS\accounts\views.py", line 331, in opd_dashboard
    return render(request, 'dashboard/opd_dashboard.html')
           ^^^^^^^^^^^^^^^^^^^^^^^^^^^^^^^^^^^^^^^^^^^^^^^
  File "D:\MY PROJECTS\TFICMS\venv\Lib\site-packages\django\shortcuts.py", line 25, in render
    content = loader.render_to_string(template_name, context, request, using=using)
              ^^^^^^^^^^^^^^^^^^^^^^^^^^^^^^^^^^^^^^^^^^^^^^^^^^^^^^^^^^^^^^^^^^^^^
  File "D:\MY PROJECTS\TFICMS\venv\Lib\site-packages\django\template\loader.py", line 61, in render_to_string
    template = get_template(template_name, using=using)
               ^^^^^^^^^^^^^^^^^^^^^^^^^^^^^^^^^^^^^^^^
  File "D:\MY PROJECTS\TFICMS\venv\Lib\site-packages\django\template\loader.py", line 19, in get_template
    raise TemplateDoesNotExist(template_name, chain=chain)
django.template.exceptions.TemplateDoesNotExist: dashboard/opd_dashboard.html
"GET /dashboard/opd/ HTTP/1.1" 500 92997
Internal Server Error: /dashboard/fertility/
Traceback (most recent call last):
  File "D:\MY PROJECTS\TFICMS\venv\Lib\site-packages\django\core\handlers\exception.py", line 55, in inner
    response = get_response(request)
               ^^^^^^^^^^^^^^^^^^^^^
  File "D:\MY PROJECTS\TFICMS\venv\Lib\site-packages\django\core\handlers\base.py", line 197, in _get_response
    response = wrapped_callback(request, *callback_args, **callback_kwargs)
               ^^^^^^^^^^^^^^^^^^^^^^^^^^^^^^^^^^^^^^^^^^^^^^^^^^^^^^^^^^^^
  File "D:\MY PROJECTS\TFICMS\venv\Lib\site-packages\django\contrib\auth\decorators.py", line 59, in _view_wrapper
    return view_func(request, *args, **kwargs)
           ^^^^^^^^^^^^^^^^^^^^^^^^^^^^^^^^^^^
  File "D:\MY PROJECTS\TFICMS\accounts\views.py", line 335, in fertility_consultation_dashboard
    return render(request, 'dashboard/fertility_dashboard.html')
           ^^^^^^^^^^^^^^^^^^^^^^^^^^^^^^^^^^^^^^^^^^^^^^^^^^^^^
  File "D:\MY PROJECTS\TFICMS\venv\Lib\site-packages\django\shortcuts.py", line 25, in render
    content = loader.render_to_string(template_name, context, request, using=using)
              ^^^^^^^^^^^^^^^^^^^^^^^^^^^^^^^^^^^^^^^^^^^^^^^^^^^^^^^^^^^^^^^^^^^^^
  File "D:\MY PROJECTS\TFICMS\venv\Lib\site-packages\django\template\loader.py", line 61, in render_to_string
    template = get_template(template_name, using=using)
               ^^^^^^^^^^^^^^^^^^^^^^^^^^^^^^^^^^^^^^^^
  File "D:\MY PROJECTS\TFICMS\venv\Lib\site-packages\django\template\loader.py", line 19, in get_template
    raise TemplateDoesNotExist(template_name, chain=chain)
django.template.exceptions.TemplateDoesNotExist: dashboard/fertility_dashboard.html
"GET /dashboard/fertility/ HTTP/1.1" 500 93351
Internal Server Error: /dashboard/andrology/
Traceback (most recent call last):
  File "D:\MY PROJECTS\TFICMS\venv\Lib\site-packages\django\core\handlers\exception.py", line 55, in inner
    response = get_response(request)
               ^^^^^^^^^^^^^^^^^^^^^
  File "D:\MY PROJECTS\TFICMS\venv\Lib\site-packages\django\core\handlers\base.py", line 197, in _get_response
    response = wrapped_callback(request, *callback_args, **callback_kwargs)
               ^^^^^^^^^^^^^^^^^^^^^^^^^^^^^^^^^^^^^^^^^^^^^^^^^^^^^^^^^^^^
  File "D:\MY PROJECTS\TFICMS\venv\Lib\site-packages\django\contrib\auth\decorators.py", line 59, in _view_wrapper
    return view_func(request, *args, **kwargs)
           ^^^^^^^^^^^^^^^^^^^^^^^^^^^^^^^^^^^
  File "D:\MY PROJECTS\TFICMS\accounts\views.py", line 343, in andrology_lab_dashboard
    return render(request, 'dashboard/andrology_dashboard.html')
           ^^^^^^^^^^^^^^^^^^^^^^^^^^^^^^^^^^^^^^^^^^^^^^^^^^^^^
  File "D:\MY PROJECTS\TFICMS\venv\Lib\site-packages\django\shortcuts.py", line 25, in render
    content = loader.render_to_string(template_name, context, request, using=using)
              ^^^^^^^^^^^^^^^^^^^^^^^^^^^^^^^^^^^^^^^^^^^^^^^^^^^^^^^^^^^^^^^^^^^^^
  File "D:\MY PROJECTS\TFICMS\venv\Lib\site-packages\django\template\loader.py", line 61, in render_to_string
    template = get_template(template_name, using=using)
               ^^^^^^^^^^^^^^^^^^^^^^^^^^^^^^^^^^^^^^^^
  File "D:\MY PROJECTS\TFICMS\venv\Lib\site-packages\django\template\loader.py", line 19, in get_template
    raise TemplateDoesNotExist(template_name, chain=chain)
django.template.exceptions.TemplateDoesNotExist: dashboard/andrology_dashboard.html
"GET /dashboard/andrology/ HTTP/1.1" 500 93306
"POST /accounts/logout/ HTTP/1.1" 302 0
"GET /login/ HTTP/1.1" 200 12555
Watching for file changes with StatReloader
"GET / HTTP/1.1" 200 10060
"GET /login/ HTTP/1.1" 200 12555
"GET /login/ HTTP/1.1" 200 12555
"GET /login/ HTTP/1.1" 200 12555
"GET /login/ HTTP/1.1" 200 12555
"GET /login/ HTTP/1.1" 200 12555
"GET /login/ HTTP/1.1" 200 12555
"GET /login/ HTTP/1.1" 200 12555
"GET /login/ HTTP/1.1" 200 12555
"GET /login/ HTTP/1.1" 200 12555
"GET /login/ HTTP/1.1" 200 12555
"GET /login/ HTTP/1.1" 200 12555
"GET /login/reception/ HTTP/1.1" 200 5376
"GET /login/opd/ HTTP/1.1" 200 5370
"GET /login/fertility/ HTTP/1.1" 200 5389
"GET /login/reception/ HTTP/1.1" 200 5376
"POST /login/reception/ HTTP/1.1" 302 0
"GET /dashboard/ HTTP/1.1" 200 20302
Forbidden (CSRF token from POST incorrect.): /login/reception/
"POST /login/reception/ HTTP/1.1" 403 2503
"GET /login/reception/ HTTP/1.1" 200 5549
"GET /login/ HTTP/1.1" 200 12728
"GET /admin/ HTTP/1.1" 200 49998
"GET /static/admin_interface/css/admin-interface.css?v=09666d757b59a801494c303f4fff36bec090d0965ced83dc1921577e HTTP/1.1" 304 0
"GET /static/admin_interface/css/admin-interface-fix.css?v=09666d757b59a801494c303f4fff36bec090d0965ced83dc1921577e HTTP/1.1" 304 0
"GET /static/admin_interface/css/form-controls.css?v=09666d757b59a801494c303f4fff36bec090d0965ced83dc1921577e HTTP/1.1" 304 0
"GET /static/admin_interface/css/language-chooser.css?v=09666d757b59a801494c303f4fff36bec090d0965ced83dc1921577e HTTP/1.1" 304 0
"GET /static/admin_interface/css/list-filter-dropdown.css?v=09666d757b59a801494c303f4fff36bec090d0965ced83dc1921577e HTTP/1.1" 304 0
"GET /static/admin_interface/css/rangefilter.css?v=09666d757b59a801494c303f4fff36bec090d0965ced83dc1921577e HTTP/1.1" 304 0
"GET /static/admin_interface/css/related-modal.css?v=09666d757b59a801494c303f4fff36bec090d0965ced83dc1921577e HTTP/1.1" 304 0
"GET /static/admin_interface/css/streamfield.css?v=09666d757b59a801494c303f4fff36bec090d0965ced83dc1921577e HTTP/1.1" 304 0
"GET /static/admin_interface/css/jquery.ui.tabs.css?v=09666d757b59a801494c303f4fff36bec090d0965ced83dc1921577e HTTP/1.1" 304 0
"GET /static/admin_interface/css/modeltranslation.css?v=09666d757b59a801494c303f4fff36bec090d0965ced83dc1921577e HTTP/1.1" 304 0
"GET /static/admin_interface/css/sorl-thumbnail.css?v=09666d757b59a801494c303f4fff36bec090d0965ced83dc1921577e HTTP/1.1" 304 0
"GET /static/admin_interface/css/ckeditor.css?v=09666d757b59a801494c303f4fff36bec090d0965ced83dc1921577e HTTP/1.1" 304 0
"GET /static/admin_interface/css/tinymce.css?v=09666d757b59a801494c303f4fff36bec090d0965ced83dc1921577e HTTP/1.1" 304 0
"GET /static/admin_interface/css/json-widget.css?v=09666d757b59a801494c303f4fff36bec090d0965ced83dc1921577e HTTP/1.1" 304 0
"GET /static/admin_interface/css/import-export.css?v=09666d757b59a801494c303f4fff36bec090d0965ced83dc1921577e HTTP/1.1" 304 0
"GET /static/admin_interface/css/rtl.css?v=09666d757b59a801494c303f4fff36bec090d0965ced83dc1921577e HTTP/1.1" 304 0
"GET /static/admin_interface/css/tabbed-changeform.css?v=09666d757b59a801494c303f4fff36bec090d0965ced83dc1921577e HTTP/1.1" 304 0
"GET /static/admin_interface/foldable-apps/foldable-apps.css?nocache=09666d757b59a801494c303f4fff36bec090d0965ced83dc1921577e HTTP/1.1" 304 0
"GET /static/admin_interface/magnific-popup/magnific-popup.css?nocache=09666d757b59a801494c303f4fff36bec090d0965ced83dc1921577e HTTP/1.1" 304 0
"GET /static/admin_interface/foldable-apps/foldable-apps.js?nocache=09666d757b59a801494c303f4fff36bec090d0965ced83dc1921577e HTTP/1.1" 304 0
"GET /static/admin_interface/magnific-popup/jquery.magnific-popup.js?nocache=09666d757b59a801494c303f4fff36bec090d0965ced83dc1921577e HTTP/1.1" 304 0
"GET /static/admin_interface/related-modal/related-modal.js?nocache=09666d757b59a801494c303f4fff36bec090d0965ced83dc1921577e HTTP/1.1" 304 0
"GET /login/ HTTP/1.1" 200 12728
"GET /login/ HTTP/1.1" 200 12728
"GET /dashboard/ HTTP/1.1" 200 20302
"GET /admin/ HTTP/1.1" 200 49998
Internal Server Error: /dashboard/opd/
Traceback (most recent call last):
  File "D:\MY PROJECTS\TFICMS\venv\Lib\site-packages\django\core\handlers\exception.py", line 55, in inner
    response = get_response(request)
               ^^^^^^^^^^^^^^^^^^^^^
  File "D:\MY PROJECTS\TFICMS\venv\Lib\site-packages\django\core\handlers\base.py", line 197, in _get_response
    response = wrapped_callback(request, *callback_args, **callback_kwargs)
               ^^^^^^^^^^^^^^^^^^^^^^^^^^^^^^^^^^^^^^^^^^^^^^^^^^^^^^^^^^^^
  File "D:\MY PROJECTS\TFICMS\venv\Lib\site-packages\django\contrib\auth\decorators.py", line 59, in _view_wrapper
    return view_func(request, *args, **kwargs)
           ^^^^^^^^^^^^^^^^^^^^^^^^^^^^^^^^^^^
  File "D:\MY PROJECTS\TFICMS\accounts\views.py", line 331, in opd_dashboard
    return render(request, 'dashboard/opd_dashboard.html')
           ^^^^^^^^^^^^^^^^^^^^^^^^^^^^^^^^^^^^^^^^^^^^^^^
  File "D:\MY PROJECTS\TFICMS\venv\Lib\site-packages\django\shortcuts.py", line 25, in render
    content = loader.render_to_string(template_name, context, request, using=using)
              ^^^^^^^^^^^^^^^^^^^^^^^^^^^^^^^^^^^^^^^^^^^^^^^^^^^^^^^^^^^^^^^^^^^^^
  File "D:\MY PROJECTS\TFICMS\venv\Lib\site-packages\django\template\loader.py", line 61, in render_to_string
    template = get_template(template_name, using=using)
               ^^^^^^^^^^^^^^^^^^^^^^^^^^^^^^^^^^^^^^^^
  File "D:\MY PROJECTS\TFICMS\venv\Lib\site-packages\django\template\loader.py", line 19, in get_template
    raise TemplateDoesNotExist(template_name, chain=chain)
django.template.exceptions.TemplateDoesNotExist: dashboard/opd_dashboard.html
"GET /dashboard/opd/ HTTP/1.1" 500 92997
Watching for file changes with StatReloader
"GET /login/ HTTP/1.1" 200 13098
"GET /login/opd/ HTTP/1.1" 200 5543
"GET /login/reception/ HTTP/1.1" 200 5549
"GET /admin/ HTTP/1.1" 200 49998
"GET /login/hr/ HTTP/1.1" 200 5542
Watching for file changes with StatReloader
"GET /login/ HTTP/1.1" 200 13098
"GET /login/ HTTP/1.1" 200 13098
"GET /admin/ HTTP/1.1" 200 43324
"GET /static/admin/css/admin.css HTTP/1.1" 404 1984
"GET /admin/ HTTP/1.1" 200 43324
"GET /static/admin/css/admin.css HTTP/1.1" 404 1984
"GET / HTTP/1.1" 200 10419
"GET /admin/ HTTP/1.1" 200 43324
"GET /static/admin/css/admin.css HTTP/1.1" 404 1984
"GET /dashboard/ HTTP/1.1" 200 2766
"GET /dashboard/ HTTP/1.1" 200 2766
Watching for file changes with StatReloader
"GET /admin/ HTTP/1.1" 200 44308
"GET /static/admin/css/admin.css HTTP/1.1" 404 1984
"GET /admin/accounts/user/add/ HTTP/1.1" 200 44456
"GET /static/admin/css/admin.css HTTP/1.1" 404 1984
"GET /static/admin/css/forms.css HTTP/1.1" 304 0
"GET /admin/jsi18n/ HTTP/1.1" 200 3342
"GET /static/admin/css/widgets.css HTTP/1.1" 304 0
"GET /admin/accounts/user/add/ HTTP/1.1" 200 44456
"GET /static/admin/css/admin.css HTTP/1.1" 404 1984
"GET /admin/jsi18n/ HTTP/1.1" 200 3342
"GET / HTTP/1.1" 200 10419
"GET /dashboard/ HTTP/1.1" 200 2766
"GET /dashboard/ HTTP/1.1" 200 2766
"GET /admin/ HTTP/1.1" 200 44308
"GET /static/admin/css/admin.css HTTP/1.1" 404 1984
Watching for file changes with StatReloader
"GET / HTTP/1.1" 200 10419
"GET /dashboard/ HTTP/1.1" 200 24962
"GET /admin/ HTTP/1.1" 200 44308
"GET /static/admin/css/admin.css HTTP/1.1" 404 1984
"GET /login/ HTTP/1.1" 200 13098
"GET /login/ HTTP/1.1" 200 13098
"GET /login/ HTTP/1.1" 200 13098
"GET /login/ HTTP/1.1" 200 13098
"GET /login/ HTTP/1.1" 200 13098
"GET /admin/ HTTP/1.1" 200 44308
"GET /static/admin/css/admin.css HTTP/1.1" 404 1984
"GET /static/admin/img/icon-addlink.svg HTTP/1.1" 304 0
Watching for file changes with StatReloader
"GET /login/ HTTP/1.1" 200 13098
"GET /login/reception/ HTTP/1.1" 200 5549
"GET /admin/ HTTP/1.1" 200 44308
"GET /static/admin/css/admin.css HTTP/1.1" 404 1984
"GET /login/opd/ HTTP/1.1" 200 5543
"GET /dashboard/ HTTP/1.1" 200 12858
"GET /login/ HTTP/1.1" 200 13098
"GET /admin/ HTTP/1.1" 200 44308
"GET /static/admin/css/admin.css HTTP/1.1" 404 1984
"GET /admin/ HTTP/1.1" 200 44308
"GET /static/admin/css/admin.css HTTP/1.1" 404 1984
"GET /login/reception/ HTTP/1.1" 200 5549
"POST /login/reception/ HTTP/1.1" 200 5890
Watching for file changes with StatReloader
"GET /admin/ HTTP/1.1" 302 0
"GET /admin/login/?next=/admin/ HTTP/1.1" 200 14570
"GET /static/admin/css/admin.css HTTP/1.1" 404 1984
"POST /admin/login/?next=/admin/ HTTP/1.1" 200 14954
"GET /static/admin/css/admin.css HTTP/1.1" 404 1984
"POST /admin/login/?next=/admin/ HTTP/1.1" 302 0
"GET /admin/ HTTP/1.1" 200 44308
"GET /static/admin/css/admin.css HTTP/1.1" 404 1984
"POST /admin/logout/ HTTP/1.1" 302 0
"GET / HTTP/1.1" 200 10060
"GET /login/ HTTP/1.1" 200 12925
"GET /login/opd/ HTTP/1.1" 200 5370
"GET /login/ HTTP/1.1" 200 12925
"GET /login/ HTTP/1.1" 200 12925
"GET /login/ HTTP/1.1" 200 12925
"GET /login/ HTTP/1.1" 200 12925
"GET /login/ HTTP/1.1" 200 12925
"GET /login/ HTTP/1.1" 200 12925
"GET /login/ HTTP/1.1" 200 12925
"GET /login/ HTTP/1.1" 200 12925
"GET /login/ HTTP/1.1" 200 12925
"GET /login/ HTTP/1.1" 200 12925
"GET /admin/ HTTP/1.1" 302 0
"GET /admin/login/?next=/admin/ HTTP/1.1" 200 14570
"GET /static/admin/css/admin.css HTTP/1.1" 404 1984
"GET /admin/login/?next=/admin/ HTTP/1.1" 200 14570
"GET /static/admin/css/admin.css HTTP/1.1" 404 1984
"GET / HTTP/1.1" 200 10060
"GET /login/ HTTP/1.1" 200 12925
"GET /admin/ HTTP/1.1" 302 0
"GET /admin/login/?next=/admin/ HTTP/1.1" 200 14570
"GET /static/admin/css/admin.css HTTP/1.1" 404 1984
Watching for file changes with StatReloader
"GET /admin/login/?next=/admin/ HTTP/1.1" 200 14776
"GET /static/admin/css/admin.css HTTP/1.1" 404 1984
"GET /admin/ HTTP/1.1" 302 0
"GET /admin/login/?next=/admin/ HTTP/1.1" 200 14776
"GET /static/admin/css/admin.css HTTP/1.1" 404 1984
"POST /admin/login/?next=/admin/ HTTP/1.1" 302 0
"GET /admin/ HTTP/1.1" 200 44308
"GET /static/admin/css/admin.css HTTP/1.1" 404 1984
"POST /admin/logout/ HTTP/1.1" 302 0
"GET / HTTP/1.1" 200 10060
"GET /login/ HTTP/1.1" 200 12925
"GET /login/ HTTP/1.1" 200 12925
Watching for file changes with StatReloader
"GET /login/ HTTP/1.1" 200 12925
"GET /admin/ HTTP/1.1" 302 0
"GET /admin/login/?next=/admin/ HTTP/1.1" 200 19621
"GET /static/admin/css/admin.css HTTP/1.1" 404 1984
Watching for file changes with StatReloader
"GET /admin/login/?next=/admin/ HTTP/1.1" 200 19697
"GET /static/admin/css/admin.css HTTP/1.1" 404 1984
"POST /admin/login/?next=/admin/ HTTP/1.1" 302 0
"GET /admin/ HTTP/1.1" 200 44308
"GET /static/admin/css/admin.css HTTP/1.1" 404 1984
Watching for file changes with StatReloader
"GET /admin/ HTTP/1.1" 200 44308
"GET /static/admin/css/admin.css HTTP/1.1" 404 1984
"GET /static/admin/img/icon-changelink.svg HTTP/1.1" 304 0
"GET /static/admin/img/icon-deletelink.svg HTTP/1.1" 304 0
"POST /admin/logout/ HTTP/1.1" 302 0
"GET / HTTP/1.1" 200 10060
"GET /login/ HTTP/1.1" 200 12925
"GET /admin/ HTTP/1.1" 302 0
"GET /admin/login/?next=/admin/ HTTP/1.1" 200 14846
"GET /static/admin/css/admin.css HTTP/1.1" 404 1984
Watching for file changes with StatReloader
"GET /admin/login/?next=/admin/ HTTP/1.1" 200 14776
"GET /static/admin/css/admin.css HTTP/1.1" 404 1984
Watching for file changes with StatReloader
"GET /admin/login/?next=/admin/ HTTP/1.1" 200 14807
"GET /static/admin/css/admin.css HTTP/1.1" 404 1984
"GET /admin/login/?next=/admin/ HTTP/1.1" 200 14807
"GET /static/admin/css/admin.css HTTP/1.1" 404 1984
"GET /admin/login/?next=/admin/ HTTP/1.1" 200 14807
"GET /static/admin/css/admin.css HTTP/1.1" 404 1984
"GET /admin/login/?next=/admin/ HTTP/1.1" 200 14807
"GET /static/admin/css/admin.css HTTP/1.1" 404 1984
"GET /admin/login/?next=/admin/ HTTP/1.1" 200 14807
"GET /static/admin/css/admin.css HTTP/1.1" 404 1984
"GET /admin/login/?next=/admin/ HTTP/1.1" 200 14807
"GET /static/admin/css/admin.css HTTP/1.1" 404 1984
"GET /admin/login/?next=/admin/ HTTP/1.1" 200 14807
"GET /static/admin/css/admin.css HTTP/1.1" 404 1984
"POST /admin/login/?next=/admin/ HTTP/1.1" 302 0
"GET /admin/ HTTP/1.1" 200 44308
"GET /static/admin/css/admin.css HTTP/1.1" 404 1984
"GET /admin/login/?next=/admin/ HTTP/1.1" 302 0
"GET /admin/ HTTP/1.1" 200 44308
"POST /admin/logout/ HTTP/1.1" 302 0
"GET / HTTP/1.1" 200 10060
"GET /login/ HTTP/1.1" 200 12925
"GET /login/counseling/ HTTP/1.1" 200 5394
"POST /login/counseling/ HTTP/1.1" 302 0
"GET /dashboard/ HTTP/1.1" 200 12858
"GET /admin/ HTTP/1.1" 200 44308
"GET /static/admin/css/admin.css HTTP/1.1" 404 1984
"POST /admin/logout/ HTTP/1.1" 302 0
"GET / HTTP/1.1" 200 10060
"GET /login/ HTTP/1.1" 200 12925
"GET /login/nursing/ HTTP/1.1" 200 5374
"POST /login/nursing/ HTTP/1.1" 302 0
"GET /dashboard/ HTTP/1.1" 200 12858
"GET /admin/ HTTP/1.1" 200 44308
"GET /static/admin/css/admin.css HTTP/1.1" 404 1984
Watching for file changes with StatReloader
"GET /admin/ HTTP/1.1" 200 44308
"GET /static/admin/css/admin.css HTTP/1.1" 404 1984
"POST /admin/logout/ HTTP/1.1" 302 0
"GET / HTTP/1.1" 200 10060
"GET /login/ HTTP/1.1" 200 12925
"GET /login/opd/ HTTP/1.1" 200 5360
"POST /login/opd/ HTTP/1.1" 302 0
"GET /dashboard/ HTTP/1.1" 200 12858
"GET /admin/ HTTP/1.1" 200 44308
"GET /static/admin/css/admin.css HTTP/1.1" 404 1984
"POST /admin/logout/ HTTP/1.1" 302 0
"GET / HTTP/1.1" 200 10060
Watching for file changes with StatReloader
